# JRE version: OpenJDK Runtime Environment GraalVM CE 22.3.0 (17.0.5+8) (build 17.0.5+8-jvmci-22.3-b08)
# Java VM: OpenJDK 64-Bit Server VM GraalVM CE 22.3.0 (17.0.5+8-jvmci-22.3-b08, mixed mode, sharing, tiered, jvmci, jvmci compiler, compressed oops, compressed class ptrs, parallel gc, linux-amd64)
GC Precious Log:
 CPUs: 8 total, 1 available
 Memory: 1024M
 Large Page Support: Disabled
 NUMA Support: Disabled
 Compressed Oops: Enabled (32-bit)
 Alignments: Space 512K, Generation 512K, Heap 2M
 Heap Min Capacity: 100M
 Heap Initial Capacity: 100M
 Heap Max Capacity: 512M
 Pre-touch: Disabled
 Parallel Workers: 1
Heap:
 PSYoungGen      total 51712K, used 33695K [0x00000000f5580000, 0x00000000fdf80000, 0x0000000100000000)
  eden space 30720K, 99% used [0x00000000f5580000,0x00000000f737fff8,0x00000000f7380000)
  from space 20992K, 14% used [0x00000000fa900000,0x00000000fabe7e80,0x00000000fbd80000)
  to   space 54784K, 0% used [0x00000000f7380000,0x00000000f7380000,0x00000000fa900000)
 ParOldGen       total 349696K, used 349695K [0x00000000e0000000, 0x00000000f5580000, 0x00000000f5580000)
  object space 349696K, 99% used [0x00000000e0000000,0x00000000f557fff8,0x00000000f5580000)
 Metaspace       used 54311K, committed 55296K, reserved 1105920K
  class space    used 5419K, committed 5824K, reserved 1048576K
GC Heap History (20 events):
Event: 404.085 GC heap before
{Heap before GC invocations=380 (full 282):
 PSYoungGen      total 51712K, used 33695K [0x00000000f5580000, 0x00000000fdf80000, 0x0000000100000000)
  eden space 30720K, 99% used [0x00000000f5580000,0x00000000f737fff0,0x00000000f7380000)
  from space 20992K, 14% used [0x00000000fa900000,0x00000000fabe7e80,0x00000000fbd80000)
  to   space 54784K, 0% used [0x00000000f7380000,0x00000000f7380000,0x00000000fa900000)
 ParOldGen       total 349696K, used 349696K [0x00000000e0000000, 0x00000000f5580000, 0x00000000f5580000)
  object space 349696K, 100% used [0x00000000e0000000,0x00000000f5580000,0x00000000f5580000)
 Metaspace       used 54311K, committed 55296K, reserved 1105920K
  class space    used 5419K, committed 5824K, reserved 1048576K
}
Event: 405.346 GC heap after
{Heap after GC invocations=380 (full 282):
 PSYoungGen      total 51712K, used 33695K [0x00000000f5580000, 0x00000000fdf80000, 0x0000000100000000)
  eden space 30720K, 99% used [0x00000000f5580000,0x00000000f737ffd8,0x00000000f7380000)
  from space 20992K, 14% used [0x00000000fa900000,0x00000000fabe7e80,0x00000000fbd80000)
  to   space 54784K, 0% used [0x00000000f7380000,0x00000000f7380000,0x00000000fa900000)
 ParOldGen       total 349696K, used 349695K [0x00000000e0000000, 0x00000000f5580000, 0x00000000f5580000)
  object space 349696K, 99% used [0x00000000e0000000,0x00000000f557ffc0,0x00000000f5580000)
 Metaspace       used 54311K, committed 55296K, reserved 1105920K
  class space    used 5419K, committed 5824K, reserved 1048576K
}
Event: 405.346 GC heap before
{Heap before GC invocations=381 (full 283):
 PSYoungGen      total 51712K, used 33695K [0x00000000f5580000, 0x00000000fdf80000, 0x0000000100000000)
  eden space 30720K, 99% used [0x00000000f5580000,0x00000000f737fff8,0x00000000f7380000)
  from space 20992K, 14% used [0x00000000fa900000,0x00000000fabe7e80,0x00000000fbd80000)
  to   space 54784K, 0% used [0x00000000f7380000,0x00000000f7380000,0x00000000fa900000)
 ParOldGen       total 349696K, used 349695K [0x00000000e0000000, 0x00000000f5580000, 0x00000000f5580000)
  object space 349696K, 99% used [0x00000000e0000000,0x00000000f557ffc0,0x00000000f5580000)
 Metaspace       used 54311K, committed 55296K, reserved 1105920K
  class space    used 5419K, committed 5824K, reserved 1048576K
}
Event: 406.547 GC heap after
{Heap after GC invocations=381 (full 283):
 PSYoungGen      total 51712K, used 33695K [0x00000000f5580000, 0x00000000fdf80000, 0x0000000100000000)
  eden space 30720K, 99% used [0x00000000f5580000,0x00000000f737fff8,0x00000000f7380000)
  from space 20992K, 14% used [0x00000000fa900000,0x00000000fabe7e80,0x00000000fbd80000)
  to   space 54784K, 0% used [0x00000000f7380000,0x00000000f7380000,0x00000000fa900000)
 ParOldGen       total 349696K, used 349695K [0x00000000e0000000, 0x00000000f5580000, 0x00000000f5580000)
  object space 349696K, 99% used [0x00000000e0000000,0x00000000f557ffc0,0x00000000f5580000)
 Metaspace       used 54311K, committed 55296K, reserved 1105920K
  class space    used 5419K, committed 5824K, reserved 1048576K
}
Event: 406.547 GC heap before
{Heap before GC invocations=382 (full 284):
 PSYoungGen      total 51712K, used 33695K [0x00000000f5580000, 0x00000000fdf80000, 0x0000000100000000)
  eden space 30720K, 99% used [0x00000000f5580000,0x00000000f737fff8,0x00000000f7380000)
  from space 20992K, 14% used [0x00000000fa900000,0x00000000fabe7e80,0x00000000fbd80000)
  to   space 54784K, 0% used [0x00000000f7380000,0x00000000f7380000,0x00000000fa900000)
 ParOldGen       total 349696K, used 349695K [0x00000000e0000000, 0x00000000f5580000, 0x00000000f5580000)
  object space 349696K, 99% used [0x00000000e0000000,0x00000000f557fff8,0x00000000f5580000)
 Metaspace       used 54311K, committed 55296K, reserved 1105920K
  class space    used 5419K, committed 5824K, reserved 1048576K
}
Event: 407.762 GC heap after
{Heap after GC invocations=382 (full 284):
 PSYoungGen      total 51712K, used 33695K [0x00000000f5580000, 0x00000000fdf80000, 0x0000000100000000)
  eden space 30720K, 99% used [0x00000000f5580000,0x00000000f737ffd8,0x00000000f7380000)
  from space 20992K, 14% used [0x00000000fa900000,0x00000000fabe7e80,0x00000000fbd80000)
  to   space 54784K, 0% used [0x00000000f7380000,0x00000000f7380000,0x00000000fa900000)
 ParOldGen       total 349696K, used 349695K [0x00000000e0000000, 0x00000000f5580000, 0x00000000f5580000)
  object space 349696K, 99% used [0x00000000e0000000,0x00000000f557fff8,0x00000000f5580000)
 Metaspace       used 54311K, committed 55296K, reserved 1105920K
  class space    used 5419K, committed 5824K, reserved 1048576K
}
Event: 407.762 GC heap before
{Heap before GC invocations=383 (full 285):
 PSYoungGen      total 51712K, used 33695K [0x00000000f5580000, 0x00000000fdf80000, 0x0000000100000000)
  eden space 30720K, 99% used [0x00000000f5580000,0x00000000f737ffd8,0x00000000f7380000)
  from space 20992K, 14% used [0x00000000fa900000,0x00000000fabe7e80,0x00000000fbd80000)
  to   space 54784K, 0% used [0x00000000f7380000,0x00000000f7380000,0x00000000fa900000)
 ParOldGen       total 349696K, used 349695K [0x00000000e0000000, 0x00000000f5580000, 0x00000000f5580000)
  object space 349696K, 99% used [0x00000000e0000000,0x00000000f557fff8,0x00000000f5580000)
 Metaspace       used 54311K, committed 55296K, reserved 1105920K
  class space    used 5419K, committed 5824K, reserved 1048576K
}
Event: 408.942 GC heap after
{Heap after GC invocations=383 (full 285):
 PSYoungGen      total 51712K, used 33695K [0x00000000f5580000, 0x00000000fdf80000, 0x0000000100000000)
  eden space 30720K, 99% used [0x00000000f5580000,0x00000000f737ffd8,0x00000000f7380000)
  from space 20992K, 14% used [0x00000000fa900000,0x00000000fabe7e80,0x00000000fbd80000)
  to   space 54784K, 0% used [0x00000000f7380000,0x00000000f7380000,0x00000000fa900000)
 ParOldGen       total 349696K, used 349695K [0x00000000e0000000, 0x00000000f5580000, 0x00000000f5580000)
  object space 349696K, 99% used [0x00000000e0000000,0x00000000f557fff8,0x00000000f5580000)
 Metaspace       used 54311K, committed 55296K, reserved 1105920K
  class space    used 5419K, committed 5824K, reserved 1048576K
}
Event: 408.942 GC heap before
{Heap before GC invocations=384 (full 286):
 PSYoungGen      total 51712K, used 33695K [0x00000000f5580000, 0x00000000fdf80000, 0x0000000100000000)
  eden space 30720K, 99% used [0x00000000f5580000,0x00000000f737ffd8,0x00000000f7380000)
  from space 20992K, 14% used [0x00000000fa900000,0x00000000fabe7e80,0x00000000fbd80000)
  to   space 54784K, 0% used [0x00000000f7380000,0x00000000f7380000,0x00000000fa900000)
 ParOldGen       total 349696K, used 349695K [0x00000000e0000000, 0x00000000f5580000, 0x00000000f5580000)
  object space 349696K, 99% used [0x00000000e0000000,0x00000000f557fff8,0x00000000f5580000)
 Metaspace       used 54311K, committed 55296K, reserved 1105920K
  class space    used 5419K, committed 5824K, reserved 1048576K
}
Event: 410.077 GC heap after
{Heap after GC invocations=384 (full 286):
 PSYoungGen      total 51712K, used 33695K [0x00000000f5580000, 0x00000000fdf80000, 0x0000000100000000)
  eden space 30720K, 99% used [0x00000000f5580000,0x00000000f737ffd8,0x00000000f7380000)
  from space 20992K, 14% used [0x00000000fa900000,0x00000000fabe7e80,0x00000000fbd80000)
  to   space 54784K, 0% used [0x00000000f7380000,0x00000000f7380000,0x00000000fa900000)
 ParOldGen       total 349696K, used 349695K [0x00000000e0000000, 0x00000000f5580000, 0x00000000f5580000)
  object space 349696K, 99% used [0x00000000e0000000,0x00000000f557fff8,0x00000000f5580000)
 Metaspace       used 54311K, committed 55296K, reserved 1105920K
  class space    used 5419K, committed 5824K, reserved 1048576K
}
Event: 410.077 GC heap before
{Heap before GC invocations=385 (full 287):
 PSYoungGen      total 51712K, used 33695K [0x00000000f5580000, 0x00000000fdf80000, 0x0000000100000000)
  eden space 30720K, 99% used [0x00000000f5580000,0x00000000f737ffd8,0x00000000f7380000)
  from space 20992K, 14% used [0x00000000fa900000,0x00000000fabe7e80,0x00000000fbd80000)
  to   space 54784K, 0% used [0x00000000f7380000,0x00000000f7380000,0x00000000fa900000)
 ParOldGen       total 349696K, used 349695K [0x00000000e0000000, 0x00000000f5580000, 0x00000000f5580000)
  object space 349696K, 99% used [0x00000000e0000000,0x00000000f557fff8,0x00000000f5580000)
 Metaspace       used 54311K, committed 55296K, reserved 1105920K
  class space    used 5419K, committed 5824K, reserved 1048576K
}
Event: 411.275 GC heap after
{Heap after GC invocations=385 (full 287):
 PSYoungGen      total 51712K, used 33695K [0x00000000f5580000, 0x00000000fdf80000, 0x0000000100000000)
  eden space 30720K, 99% used [0x00000000f5580000,0x00000000f737ffd8,0x00000000f7380000)
  from space 20992K, 14% used [0x00000000fa900000,0x00000000fabe7e80,0x00000000fbd80000)
  to   space 54784K, 0% used [0x00000000f7380000,0x00000000f7380000,0x00000000fa900000)
 ParOldGen       total 349696K, used 349695K [0x00000000e0000000, 0x00000000f5580000, 0x00000000f5580000)
  object space 349696K, 99% used [0x00000000e0000000,0x00000000f557fff8,0x00000000f5580000)
 Metaspace       used 54311K, committed 55296K, reserved 1105920K
  class space    used 5419K, committed 5824K, reserved 1048576K
}
Event: 411.275 GC heap before
{Heap before GC invocations=386 (full 288):
 PSYoungGen      total 51712K, used 33695K [0x00000000f5580000, 0x00000000fdf80000, 0x0000000100000000)
  eden space 30720K, 99% used [0x00000000f5580000,0x00000000f737fff8,0x00000000f7380000)
  from space 20992K, 14% used [0x00000000fa900000,0x00000000fabe7e80,0x00000000fbd80000)
  to   space 54784K, 0% used [0x00000000f7380000,0x00000000f7380000,0x00000000fa900000)
 ParOldGen       total 349696K, used 349695K [0x00000000e0000000, 0x00000000f5580000, 0x00000000f5580000)
  object space 349696K, 99% used [0x00000000e0000000,0x00000000f557fff8,0x00000000f5580000)
 Metaspace       used 54311K, committed 55296K, reserved 1105920K
  class space    used 5419K, committed 5824K, reserved 1048576K
}
Event: 412.483 GC heap after
{Heap after GC invocations=386 (full 288):
 PSYoungGen      total 51712K, used 33695K [0x00000000f5580000, 0x00000000fdf80000, 0x0000000100000000)
  eden space 30720K, 99% used [0x00000000f5580000,0x00000000f737fff8,0x00000000f7380000)
  from space 20992K, 14% used [0x00000000fa900000,0x00000000fabe7e80,0x00000000fbd80000)
  to   space 54784K, 0% used [0x00000000f7380000,0x00000000f7380000,0x00000000fa900000)
 ParOldGen       total 349696K, used 349695K [0x00000000e0000000, 0x00000000f5580000, 0x00000000f5580000)
  object space 349696K, 99% used [0x00000000e0000000,0x00000000f557ffe0,0x00000000f5580000)
 Metaspace       used 54311K, committed 55296K, reserved 1105920K
  class space    used 5419K, committed 5824K, reserved 1048576K
}
Event: 412.483 GC heap before
{Heap before GC invocations=387 (full 289):
 PSYoungGen      total 51712K, used 33695K [0x00000000f5580000, 0x00000000fdf80000, 0x0000000100000000)
  eden space 30720K, 99% used [0x00000000f5580000,0x00000000f737fff8,0x00000000f7380000)
  from space 20992K, 14% used [0x00000000fa900000,0x00000000fabe7e80,0x00000000fbd80000)
  to   space 54784K, 0% used [0x00000000f7380000,0x00000000f7380000,0x00000000fa900000)
 ParOldGen       total 349696K, used 349695K [0x00000000e0000000, 0x00000000f5580000, 0x00000000f5580000)
  object space 349696K, 99% used [0x00000000e0000000,0x00000000f557ffe0,0x00000000f5580000)
 Metaspace       used 54311K, committed 55296K, reserved 1105920K
  class space    used 5419K, committed 5824K, reserved 1048576K
}
Event: 413.634 GC heap after
{Heap after GC invocations=387 (full 289):
 PSYoungGen      total 51712K, used 33695K [0x00000000f5580000, 0x00000000fdf80000, 0x0000000100000000)
  eden space 30720K, 99% used [0x00000000f5580000,0x00000000f737fff8,0x00000000f7380000)
  from space 20992K, 14% used [0x00000000fa900000,0x00000000fabe7e80,0x00000000fbd80000)
  to   space 54784K, 0% used [0x00000000f7380000,0x00000000f7380000,0x00000000fa900000)
 ParOldGen       total 349696K, used 349695K [0x00000000e0000000, 0x00000000f5580000, 0x00000000f5580000)
  object space 349696K, 99% used [0x00000000e0000000,0x00000000f557ffe0,0x00000000f5580000)
 Metaspace       used 54311K, committed 55296K, reserved 1105920K
  class space    used 5419K, committed 5824K, reserved 1048576K
}
Event: 413.640 GC heap before
{Heap before GC invocations=388 (full 290):
 PSYoungGen      total 51712K, used 33695K [0x00000000f5580000, 0x00000000fdf80000, 0x0000000100000000)
  eden space 30720K, 99% used [0x00000000f5580000,0x00000000f737fff8,0x00000000f7380000)
  from space 20992K, 14% used [0x00000000fa900000,0x00000000fabe7e80,0x00000000fbd80000)
  to   space 54784K, 0% used [0x00000000f7380000,0x00000000f7380000,0x00000000fa900000)
 ParOldGen       total 349696K, used 349695K [0x00000000e0000000, 0x00000000f5580000, 0x00000000f5580000)
  object space 349696K, 99% used [0x00000000e0000000,0x00000000f557fff8,0x00000000f5580000)
 Metaspace       used 54311K, committed 55296K, reserved 1105920K
  class space    used 5419K, committed 5824K, reserved 1048576K
}
Event: 414.771 GC heap after
{Heap after GC invocations=388 (full 290):
 PSYoungGen      total 51712K, used 33695K [0x00000000f5580000, 0x00000000fdf80000, 0x0000000100000000)
  eden space 30720K, 99% used [0x00000000f5580000,0x00000000f737fff8,0x00000000f7380000)
  from space 20992K, 14% used [0x00000000fa900000,0x00000000fabe7e80,0x00000000fbd80000)
  to   space 54784K, 0% used [0x00000000f7380000,0x00000000f7380000,0x00000000fa900000)
 ParOldGen       total 349696K, used 349695K [0x00000000e0000000, 0x00000000f5580000, 0x00000000f5580000)
  object space 349696K, 99% used [0x00000000e0000000,0x00000000f557fff8,0x00000000f5580000)
 Metaspace       used 54311K, committed 55296K, reserved 1105920K
  class space    used 5419K, committed 5824K, reserved 1048576K
}
Event: 414.771 GC heap before
{Heap before GC invocations=389 (full 291):
 PSYoungGen      total 51712K, used 33695K [0x00000000f5580000, 0x00000000fdf80000, 0x0000000100000000)
  eden space 30720K, 99% used [0x00000000f5580000,0x00000000f737fff8,0x00000000f7380000)
  from space 20992K, 14% used [0x00000000fa900000,0x00000000fabe7e80,0x00000000fbd80000)
  to   space 54784K, 0% used [0x00000000f7380000,0x00000000f7380000,0x00000000fa900000)
 ParOldGen       total 349696K, used 349695K [0x00000000e0000000, 0x00000000f5580000, 0x00000000f5580000)
  object space 349696K, 99% used [0x00000000e0000000,0x00000000f557fff8,0x00000000f5580000)
 Metaspace       used 54311K, committed 55296K, reserved 1105920K
  class space    used 5419K, committed 5824K, reserved 1048576K
}
Event: 415.880 GC heap after
{Heap after GC invocations=389 (full 291):
 PSYoungGen      total 51712K, used 33695K [0x00000000f5580000, 0x00000000fdf80000, 0x0000000100000000)
  eden space 30720K, 99% used [0x00000000f5580000,0x00000000f737fff8,0x00000000f7380000)
  from space 20992K, 14% used [0x00000000fa900000,0x00000000fabe7e80,0x00000000fbd80000)
  to   space 54784K, 0% used [0x00000000f7380000,0x00000000f7380000,0x00000000fa900000)
 ParOldGen       total 349696K, used 349695K [0x00000000e0000000, 0x00000000f5580000, 0x00000000f5580000)
  object space 349696K, 99% used [0x00000000e0000000,0x00000000f557fff8,0x00000000f5580000)
 Metaspace       used 54311K, committed 55296K, reserved 1105920K
  class space    used 5419K, committed 5824K, reserved 1048576K
}

